nohup: ignoring input
2025-03-11	21:10	1.74	21396	83.56%	1.10	21845	100.0%	0.96	18962	95.81%	19.2	45.3	384	0.029004348821240557
2025-03-11	21:40	0.00	0	100.0%	1.10	21781	100.0%	0.94	18770	96.77%	18.7	46.4	0	0.0
2025-03-11	22:10	0.03	3523	100.0%	1.10	21909	100.0%	0.95	18770	96.77%	18.7	47.7	128	0.003222705424582284
2025-03-11	22:40	0.83	16400	100.0%	1.10	21909	100.0%	0.94	18770	96.77%	18.0	48.7	64	0.006445410849164568
2025-03-11	23:10	0.83	16400	100.0%	1.10	21909	100.0%	0.95	18898	96.13%	17.8	48.2	0	0.00966811627374685
2025-03-11	23:40	0.83	16400	100.0%	1.11	22037	99.91%	0.95	18898	96.13%	17.5	48.4	128	0.0193362325474937
2025-03-12	00:10	0.83	16400	100.0%	1.11	22037	99.91%	0.95	18706	97.1%	17.7	47.2	0	0.0
Błąd odczytu DHT22: Checksum did not validate. Try again.
2025-03-12	00:40	0.83	16400	100.0%	1.11	22101	99.77%	0.95	18834	96.45%	None	None	0	0.0
2025-03-12	01:10	0.83	16400	100.0%	1.11	22101	99.77%	0.95	18834	96.45%	17.4	47.0	128	0.006445410849164568
2025-03-12	01:40	0.83	16400	100.0%	1.11	22165	99.62%	0.95	18898	96.13%	17.4	46.8	256	0.006445410849164568
2025-03-12	02:10	0.82	16335	100.0%	1.12	22165	99.62%	0.94	18706	97.1%	17.0	46.4	0	0.0
2025-03-12	02:40	0.82	16335	100.0%	1.12	22293	99.33%	0.94	18706	97.1%	17.0	46.6	0	0.003222705424582284
2025-03-12	03:10	0.82	16335	100.0%	1.12	22229	99.47%	0.94	18770	96.77%	16.9	46.9	128	0.006445410849164568
2025-03-12	03:40	0.82	16335	100.0%	1.12	22229	99.47%	0.95	18834	96.45%	16.4	46.6	0	0.003222705424582284
2025-03-12	04:10	0.82	16271	100.0%	1.12	22357	99.18%	0.95	18706	97.1%	16.4	46.5	0	0.0
2025-03-12	04:40	0.82	16271	100.0%	1.12	22293	99.33%	0.94	18642	97.42%	16.3	46.6	0	0.0
2025-03-12	05:10	0.82	16271	100.0%	1.13	22357	99.18%	0.95	18898	96.13%	16.0	46.7	128	0.00966811627374685
2025-03-12	05:40	0.82	16271	100.0%	1.13	22357	99.18%	0.94	18706	97.1%	16.2	46.6	1601	0.07739528496223391
2025-03-12	06:10	0.82	16271	100.0%	1.13	22357	99.18%	0.95	18834	96.45%	15.7	47.0	23382	1.1871137560082399
2025-03-12	06:40	0.82	16207	100.0%	1.13	22485	98.89%	0.95	18834	96.45%	15.2	47.8	45676	2.290336461432822
2025-03-12	07:10	0.82	16271	100.0%	1.13	22485	98.89%	0.95	18770	96.77%	15.9	52.8	50865	2.558072785534447
2025-03-12	07:40	0.81	16207	100.0%	1.14	22550	98.74%	0.95	18834	96.45%	15.4	49.4	54325	2.7387457084000912
2025-03-12	08:10	0.82	16207	100.0%	1.14	22550	98.74%	0.94	18706	97.1%	15.6	49.4	54325	2.7387457084000912
2025-03-12	08:40	0.82	16271	100.0%	1.14	22550	98.74%	0.95	18770	96.77%	16.1	48.9	55350	2.7838635843442434
2025-03-12	09:10	0.82	16271	100.0%	1.14	22614	98.59%	0.95	18898	96.13%	16.6	48.8	54645	2.7484138246738383
2025-03-12	09:40	0.82	16335	100.0%	1.14	22614	98.59%	0.95	18770	96.77%	17.2	48.4	55606	2.800027466239414
2025-03-12	10:10	0.83	16400	100.0%	1.14	22614	98.59%	0.95	18834	96.45%	17.8	47.6	54837	2.7613046463721673
2025-03-12	10:40	0.82	16335	100.0%	1.14	22678	98.44%	0.95	18962	95.81%	18.3	50.5	55157	2.7774181734950787
2025-03-12	11:10	0.82	16271	100.0%	1.15	22806	98.15%	0.95	18834	96.45%	18.9	48.2	55285	2.7838635843442434
2025-03-12	11:40	0.82	16335	100.0%	1.15	22934	97.85%	0.96	19090	95.16%	19.3	47.0	55285	2.7838635843442434
2025-03-12	12:10	0.82	16400	100.0%	1.26	25048	93.0%	0.95	18898	96.13%	19.6	45.6	55285	2.787136644541085
2025-03-12	12:40	0.83	16335	100.0%	1.26	25112	92.85%	0.96	19026	95.49%	19.9	46.8	55478	2.7968047608148314
2025-03-12	13:10	0.83	16464	100.0%	1.26	25048	93.0%	0.95	18962	95.81%	20.2	44.8	55350	2.7838635843442434
2025-03-12	13:40	0.83	16400	100.0%	1.26	25112	92.85%	0.96	19026	95.49%	20.9	42.0	59001	2.9677592126344696
2025-03-12	14:10	0.83	16400	100.0%	1.26	24984	93.14%	0.96	19026	95.49%	20.9	44.3	51954	2.6193545433737695
2025-03-12	14:40	0.83	16400	100.0%	1.25	24920	93.29%	0.95	18962	95.81%	21.0	44.5	57335	2.893586633096818
2025-03-12	15:10	0.83	16400	100.0%	1.25	24920	93.29%	0.96	19026	95.49%	21.1	41.8	48623	2.445177386129549
2025-03-12	15:40	0.83	16400	100.0%	1.25	24856	93.44%	0.95	18962	95.81%	20.9	42.0	54004	2.7193591210803385
2025-03-12	16:10	0.83	16400	100.0%	1.25	24920	93.29%	0.96	19026	95.49%	20.9	41.5	47278	2.3871183337148087
2025-03-12	16:40	0.83	16400	100.0%	1.25	24792	93.59%	0.96	19026	95.49%	20.6	42.7	46189	2.319340810254063
2025-03-12	17:10	0.83	16400	100.0%	1.25	24664	93.88%	0.96	19026	95.49%	20.6	42.5	23382	1.1741725795376516
2025-03-12	17:40	0.83	16400	100.0%	1.24	24664	93.88%	0.95	19026	95.49%	20.6	42.1	2754	0.1386770428015564
Błąd odczytu DHT22: DHT sensor not found, check wiring
2025-03-12	18:10	0.83	16400	100.0%	1.24	24664	93.88%	0.95	18962	95.81%	None	None	11659	0.5806408789196612
2025-03-12	18:40	0.83	16400	100.0%	1.25	24792	93.59%	0.95	18962	95.81%	19.9	45.8	192	0.006445410849164568
2025-03-12	19:10	0.83	16400	100.0%	1.25	24856	93.44%	0.96	19026	95.49%	19.8	47.2	256	0.012890821698329136
2025-03-12	19:40	0.83	16400	100.0%	1.25	24920	93.29%	0.95	18898	96.13%	19.7	47.6	128	0.00966811627374685
2025-03-12	20:10	0.83	16400	100.0%	1.26	24984	93.14%	0.95	18962	95.81%	19.7	47.7	128	0.006445410849164568
2025-03-12	20:40	0.83	16335	100.0%	1.26	24984	93.14%	0.95	18962	95.81%	19.5	47.9	256	0.00966811627374685
2025-03-12	21:10	0.83	16400	100.0%	1.25	24920	93.29%	0.95	18962	95.81%	19.5	48.9	128	0.0
2025-03-12	21:40	0.83	16400	100.0%	1.25	24856	93.44%	0.95	18898	96.13%	19.3	52.1	192	0.00966811627374685
2025-03-12	22:10	0.83	16400	100.0%	1.25	24920	93.29%	0.95	18898	96.13%	19.3	53.0	256	0.006445410849164568
2025-03-12	22:40	0.83	16464	100.0%	1.25	24792	93.59%	0.95	18898	96.13%	20.1	54.9	0	0.003222705424582284
2025-03-12	23:10	0.83	16528	100.0%	1.25	24856	93.44%	0.96	19090	95.16%	20.4	55.3	192	0.00966811627374685
2025-03-12	23:40	0.83	16528	100.0%	1.46	29020	83.87%	0.96	19026	95.49%	20.8	53.4	0	0.0
2025-03-13	00:10	0.83	16528	100.0%	1.46	28956	84.02%	0.96	19090	95.16%	21.1	52.8	256	0.00966811627374685
2025-03-13	00:40	0.83	16528	100.0%	1.44	28571	84.9%	0.96	18962	95.81%	21.1	52.4	0	0.0
2025-03-13	01:10	0.83	16592	100.0%	1.45	28828	84.31%	0.96	19026	95.49%	21.2	51.9	64	0.016113527122911423
2025-03-13	01:40	0.84	16592	100.0%	1.45	28764	84.46%	0.95	19026	95.49%	21.6	50.5	64	0.0
2025-03-13	02:10	0.84	16592	100.0%	1.45	28828	84.31%	0.96	19026	95.49%	21.7	50.2	128	0.006445410849164568
2025-03-13	02:40	0.84	16592	100.0%	1.45	28700	84.61%	0.96	19090	95.16%	21.7	50.1	0	0.0
2025-03-13	03:10	0.84	16592	100.0%	1.44	28507	85.05%	0.96	19090	95.16%	21.6	49.7	64	0.006445410849164568
2025-03-13	03:40	0.84	16592	100.0%	1.42	28251	85.64%	0.96	19026	95.49%	21.7	49.4	0	0.003222705424582284
2025-03-13	04:10	0.84	16592	100.0%	1.43	28443	85.2%	0.96	19026	95.49%	21.7	48.9	0	0.0
2025-03-13	04:40	0.84	16592	100.0%	1.44	28571	84.9%	0.96	19026	95.49%	21.7	48.9	128	0.006445410849164568
2025-03-13	05:10	0.84	16592	100.0%	1.44	28635	84.76%	0.96	19026	95.49%	21.7	48.3	64	0.006445410849164568
2025-03-13	05:40	0.84	16592	100.0%	1.47	29212	83.43%	0.96	19090	95.16%	21.7	48.1	1345	0.06772716868848706
2025-03-13	06:10	0.84	16592	100.0%	1.48	29468	82.84%	0.96	19026	95.49%	21.6	47.6	22485	1.1387228198672465
2025-03-13	06:40	0.84	16592	100.0%	1.50	29789	82.1%	0.96	19154	94.84%	21.9	47.3	35426	1.7838681620508123
2025-03-13	07:10	0.84	16592	100.0%	1.50	29853	81.96%	0.96	19154	94.84%	21.8	47.1	42089	2.1258274204623486
2025-03-13	07:40	0.84	16656	100.0%	1.52	30109	81.37%	0.96	19090	95.16%	21.9	48.1	45484	2.296781872281987
2025-03-13	08:10	0.84	16656	100.0%	1.51	29917	81.81%	0.95	18962	95.81%	21.6	51.7	52787	2.6516319523918512
Błąd odczytu DHT22: Checksum did not validate. Try again.
2025-03-13	08:40	0.84	16656	100.0%	1.50	29789	82.1%	0.96	19154	94.84%	None	None	52595	2.6419638361181046
2025-03-13	09:10	0.84	16656	100.0%	1.32	26201	90.35%	0.96	18962	95.81%	22.1	51.5	57528	2.896809338521401
Błąd odczytu DHT22: DHT sensor not found, check wiring
2025-03-13	09:40	0.84	16656	100.0%	1.31	26073	90.64%	0.96	19154	94.84%	None	None	45932	2.309672693980316
2025-03-13	10:11	0.84	16720	100.0%	1.33	26329	90.05%	0.96	19026	95.49%	22.2	49.7	45292	2.2806683451590755
2025-03-13	10:41	0.97	19090	95.16%	1.36	27034	88.43%	1.16	23062	75.17%	22.6	54.3	45484	2.290336461432822
2025-03-13	11:11	0.45	10698	100.0%	1.40	27867	86.52%	1.16	23062	75.17%	22.2	49.4	54837	2.7613046463721673
