nohup: ignoring input

    ___  __          __
   / _ )/ /_ _____  / /__
  / _  / / // / _ \/  '_/
 /____/_/\_, /_//_/_/\_\
        /___/ for Python v1.0.0 (linux)

Connecting to fra1.blynk.cloud:443...
Wysyłam res_percent: 72.1%, 100.0%
Przycisk naciśnięty! Wysyłam res_percent: 77.1%
reset 2025-03-14 09:40
Wysyłam res_percent: 76.51%, 100.0%
reset 2025-03-14 10:13
Wysyłam res_percent: 75.34%, 100.0%
reset 2025-03-14 10:47
Błąd połączenia z Blynk: TLS/SSL connection has been closed (EOF) (_ssl.c:2393). Ponowna próba za 5 sekund...
Brak połaczenia
Connecting to fra1.blynk.cloud:443...
Wysyłam res_percent: 73.86%, 100.0%
reset 2025-03-14 11:20
Wysyłam res_percent: 67.83%, 46.84%
reset 2025-03-14 11:54
Wysyłam res_percent: 66.21%, 100.0%
reset 2025-03-14 12:27
Wysyłam res_percent: 65.47%, 100.0%
reset 2025-03-14 13:01
Wysyłam res_percent: 66.36%, 100.0%
reset 2025-03-14 13:34
Wysyłam res_percent: 65.92%, 100.0%
reset 2025-03-14 14:07
Wysyłam res_percent: 64.44%, 57.85%
reset 2025-03-14 14:41
Wysyłam res_percent: 61.94%, 100.0%
reset 2025-03-14 15:14
Wysyłam res_percent: 61.21%, 100.0%
reset 2025-03-14 15:47
Wysyłam res_percent: 60.47%, 100.0%
reset 2025-03-14 16:21
Wysyłam res_percent: 59.59%, 100.0%
Błąd połączenia z Blynk: TLS/SSL connection has been closed (EOF) (_ssl.c:2393). Ponowna próba za 5 sekund...
Brak połaczenia
Connecting to fra1.blynk.cloud:443...
reset 2025-03-14 16:54
Wysyłam res_percent: 57.82%, 100.0%
reset 2025-03-14 17:28
Wysyłam res_percent: 57.82%, 45.7%
reset 2025-03-14 18:01
Błąd połączenia z Blynk: TLS/SSL connection has been closed (EOF) (_ssl.c:2393). Ponowna próba za 5 sekund...
Brak połaczenia
Connecting to fra1.blynk.cloud:443...
Wysyłam res_percent: 60.76%, 100.0%
reset 2025-03-14 18:35
Wysyłam res_percent: 59.15%, 100.0%
reset 2025-03-14 19:08
Wysyłam res_percent: 57.82%, 100.0%
reset 2025-03-14 19:42
Wysyłam res_percent: 56.5%, 100.0%
reset 2025-03-14 20:15
Wysyłam res_percent: 56.05%, 100.0%
reset 2025-03-14 20:48
Wysyłam res_percent: 55.02%, 43.42%
reset 2025-03-14 21:22
Wysyłam res_percent: 55.02%, 100.0%
reset 2025-03-14 21:55
Wysyłam res_percent: 54.44%, 100.0%
reset 2025-03-14 22:28
Wysyłam res_percent: 54.58%, 100.0%
reset 2025-03-14 23:02
Wysyłam res_percent: 54.58%, 100.0%
reset 2025-03-14 23:35
Wysyłam res_percent: 54.14%, 100.0%
reset 2025-03-15 00:09
Wysyłam res_percent: 53.4%, 100.0%
reset 2025-03-15 00:42
Wysyłam res_percent: 52.67%, 84.05%
reset 2025-03-15 01:15
Wysyłam res_percent: 51.49%, 100.0%
reset 2025-03-15 01:49
Wysyłam res_percent: 50.61%, 41.14%
reset 2025-03-15 02:22
Wysyłam res_percent: 50.02%, 45.7%
reset 2025-03-15 02:55
Wysyłam res_percent: 50.31%, 100.0%
reset 2025-03-15 03:29
Wysyłam res_percent: 50.17%, 100.0%
reset 2025-03-15 04:02
Wysyłam res_percent: 48.84%, 100.0%
reset 2025-03-15 04:36
Wysyłam res_percent: 48.4%, 100.0%
reset 2025-03-15 05:09
Wysyłam res_percent: 47.08%, 100.0%
reset 2025-03-15 05:42
Wysyłam res_percent: 45.9%, 100.0%
reset 2025-03-15 06:16
Wysyłam res_percent: 46.04%, 63.55%
reset 2025-03-15 06:49
Wysyłam res_percent: 42.66%, 100.0%
reset 2025-03-15 07:22
Wysyłam res_percent: 41.33%, 31.65%
reset 2025-03-15 07:56
Wysyłam res_percent: 41.04%, 100.0%
reset 2025-03-15 08:29
Wysyłam res_percent: 40.16%, 100.0%
reset 2025-03-15 09:03
Wysyłam res_percent: 39.86%, 95.44%
reset 2025-03-15 09:36
Wysyłam res_percent: 40.31%, 50.26%
reset 2025-03-15 10:09
Wysyłam res_percent: 40.89%, 100.0%
reset 2025-03-15 10:43
Błąd połączenia z Blynk: TLS/SSL connection has been closed (EOF) (_ssl.c:2393). Ponowna próba za 5 sekund...
Brak połaczenia
Connecting to fra1.blynk.cloud:443...
Wysyłam res_percent: 40.75%, 100.0%
reset 2025-03-15 11:16
Wysyłam res_percent: 40.31%, 61.26%
reset 2025-03-15 11:50
Wysyłam res_percent: 39.86%, 84.05%
reset 2025-03-15 12:23
Wysyłam res_percent: 39.27%, 83.67%
reset 2025-03-15 12:57
Wysyłam res_percent: 37.95%, 100.0%
reset 2025-03-15 13:30
Wysyłam res_percent: 37.51%, 100.0%
reset 2025-03-15 14:03
Wysyłam res_percent: 37.51%, 100.0%
reset 2025-03-15 14:37
Wysyłam res_percent: 37.07%, 100.0%
reset 2025-03-15 15:10
Wysyłam res_percent: 36.62%, 64.31%
reset 2025-03-15 15:43
Wysyłam res_percent: 36.18%, 100.0%
reset 2025-03-15 16:17
Wysyłam res_percent: 35.6%, 100.0%
reset 2025-03-15 16:50
Wysyłam res_percent: 34.86%, 100.0%
reset 2025-03-15 17:24
Wysyłam res_percent: 34.27%, 100.0%
reset 2025-03-15 17:57
Wysyłam res_percent: 34.27%, 100.0%
reset 2025-03-15 18:30
Wysyłam res_percent: 34.27%, 99.62%
reset 2025-03-15 19:04
Wysyłam res_percent: 34.56%, 100.0%
reset 2025-03-15 19:37
Wysyłam res_percent: 33.68%, 100.0%
reset 2025-03-15 20:10
Wysyłam res_percent: 33.24%, 85.95%
reset 2025-03-15 20:44
Wysyłam res_percent: 33.09%, 100.0%
reset 2025-03-15 21:17
Wysyłam res_percent: 32.65%, 100.0%
reset 2025-03-15 21:51
Wysyłam res_percent: 31.91%, 100.0%
reset 2025-03-15 22:24
Wysyłam res_percent: 30.89%, 84.81%
reset 2025-03-15 22:57
Wysyłam res_percent: 29.85%, 84.81%
reset 2025-03-15 23:31
Wysyłam res_percent: 27.35%, 84.81%
reset 2025-03-16 00:04
Wysyłam res_percent: 25.29%, 84.81%
reset 2025-03-16 00:37
Wysyłam res_percent: 24.41%, 84.81%
reset 2025-03-16 01:11
Wysyłam res_percent: 24.11%, 84.81%
reset 2025-03-16 01:44
Wysyłam res_percent: 22.64%, 84.81%
reset 2025-03-16 02:18
Wysyłam res_percent: 25.59%, 100.0%
reset 2025-03-16 02:51
Wysyłam res_percent: 24.85%, 85.95%
reset 2025-03-16 03:24
Wysyłam res_percent: 25.14%, 86.33%
reset 2025-03-16 03:58
Wysyłam res_percent: 22.79%, 100.0%
reset 2025-03-16 04:31
Wysyłam res_percent: 22.94%, 100.0%
reset 2025-03-16 05:04
Wysyłam res_percent: 19.55%, 84.05%
reset 2025-03-16 05:38
Wysyłam res_percent: 17.64%, 84.05%
reset 2025-03-16 06:11
Wysyłam res_percent: 16.17%, 100.0%
reset 2025-03-16 06:45
Wysyłam res_percent: 15.14%, 83.29%
reset 2025-03-16 07:18
Wysyłam res_percent: 14.7%, 82.91%
reset 2025-03-16 07:51
Wysyłam res_percent: 14.25%, 82.91%
reset 2025-03-16 08:25
Wysyłam res_percent: 13.66%, 100.0%
reset 2025-03-16 08:58
Wysyłam res_percent: 13.22%, 100.0%
reset 2025-03-16 09:31
Wysyłam res_percent: 12.05%, 100.0%
reset 2025-03-16 10:05
Wysyłam res_percent: 12.19%, 100.0%
reset 2025-03-16 10:38
Wysyłam res_percent: 11.9%, 81.39%
reset 2025-03-16 11:12
Wysyłam res_percent: 11.75%, 81.01%
reset 2025-03-16 11:45
Wysyłam res_percent: 11.31%, 100.0%
reset 2025-03-16 12:18
Wysyłam res_percent: 11.46%, 81.01%
reset 2025-03-16 12:52
Wysyłam res_percent: 11.01%, 100.0%
reset 2025-03-16 13:25
Wysyłam res_percent: 10.72%, 100.0%
reset 2025-03-16 13:58
Wysyłam res_percent: 10.43%, 80.64%
reset 2025-03-16 14:32
Wysyłam res_percent: 9.4%, 100.0%
reset 2025-03-16 15:05
Wysyłam res_percent: 9.4%, 100.0%
reset 2025-03-16 15:39
Wysyłam res_percent: 9.99%, 81.39%
reset 2025-03-16 16:12
Wysyłam res_percent: 10.13%, 81.01%
reset 2025-03-16 16:45
Wysyłam res_percent: 9.4%, 81.01%
reset 2025-03-16 17:19
Wysyłam res_percent: 9.25%, 80.64%
reset 2025-03-16 17:52
Wysyłam res_percent: 9.4%, 80.64%
reset 2025-03-16 18:25
Wysyłam res_percent: 9.1%, 80.26%
reset 2025-03-16 18:59
Wysyłam res_percent: 8.95%, 80.26%
reset 2025-03-16 19:32
Wysyłam res_percent: 8.95%, 80.26%
reset 2025-03-16 20:06
Wysyłam res_percent: 8.37%, 80.26%
reset 2025-03-16 20:39
Wysyłam res_percent: 8.81%, 80.26%
reset 2025-03-16 21:12
Wysyłam res_percent: 8.95%, 80.64%
reset 2025-03-16 21:46
Wysyłam res_percent: 8.81%, 82.15%
reset 2025-03-16 22:19
Wysyłam res_percent: 8.95%, 80.64%
reset 2025-03-16 22:52
Wysyłam res_percent: 8.51%, 79.49%
reset 2025-03-16 23:26
Wysyłam res_percent: 7.92%, 79.11%
reset 2025-03-16 23:59
Wysyłam res_percent: 8.66%, 79.49%
reset 2025-03-17 00:33
Wysyłam res_percent: 7.48%, 79.87%
reset 2025-03-17 01:06
Wysyłam res_percent: 8.07%, 80.64%
reset 2025-03-17 01:39
Wysyłam res_percent: 7.48%, 80.26%
reset 2025-03-17 02:13
Wysyłam res_percent: 7.92%, 79.11%
reset 2025-03-17 02:46
Wysyłam res_percent: 6.89%, 80.64%
reset 2025-03-17 03:20
Wysyłam res_percent: 7.48%, 79.49%
reset 2025-03-17 03:53
Wysyłam res_percent: 6.75%, 79.87%
reset 2025-03-17 04:26
Wysyłam res_percent: 6.6%, 79.11%
reset 2025-03-17 05:00
Wysyłam res_percent: 6.16%, 78.73%
reset 2025-03-17 05:33
Wysyłam res_percent: 6.6%, 78.73%
reset 2025-03-17 06:06
Wysyłam res_percent: 6.6%, 78.73%
reset 2025-03-17 06:40
Wysyłam res_percent: 6.3%, 78.73%
reset 2025-03-17 07:13
Wysyłam res_percent: 5.57%, 78.73%
reset 2025-03-17 07:47
Wysyłam res_percent: 6.6%, 77.59%
reset 2025-03-17 08:20
Wysyłam res_percent: 5.72%, 77.97%
reset 2025-03-17 08:53
Wysyłam res_percent: 6.16%, 77.59%
reset 2025-03-17 09:27
Wysyłam res_percent: 7.34%, 76.08%
reset 2025-03-17 10:00
Wysyłam res_percent: 7.19%, 74.94%
reset 2025-03-17 10:33
Wysyłam res_percent: 7.78%, 74.94%
reset 2025-03-17 11:07
Wysyłam res_percent: 7.63%, 75.32%
reset 2025-03-17 11:40
Wysyłam res_percent: 7.63%, 75.7%
reset 2025-03-17 12:14
Wysyłam res_percent: 7.48%, 75.7%
reset 2025-03-17 12:47
Wysyłam res_percent: 7.92%, 75.32%
reset 2025-03-17 13:20
Wysyłam res_percent: 6.89%, 75.7%
reset 2025-03-17 13:54
Wysyłam res_percent: 8.07%, 75.7%
reset 2025-03-17 14:27
Wysyłam res_percent: 7.63%, 75.7%
reset 2025-03-17 15:00
Wysyłam res_percent: 6.75%, 75.7%
reset 2025-03-17 15:34
Wysyłam res_percent: 7.19%, 75.7%
reset 2025-03-17 16:07
Wysyłam res_percent: 7.92%, 75.7%
reset 2025-03-17 16:41
Wysyłam res_percent: 6.6%, 75.7%
reset 2025-03-17 17:14
Wysyłam res_percent: 7.48%, 75.32%
reset 2025-03-17 17:47
Wysyłam res_percent: 6.75%, 75.32%
reset 2025-03-17 18:21
Wysyłam res_percent: 6.75%, 75.32%
reset 2025-03-17 18:54
Wysyłam res_percent: 6.6%, 74.94%
reset 2025-03-17 19:27
Wysyłam res_percent: 6.75%, 75.32%
reset 2025-03-17 20:01
Wysyłam res_percent: 6.16%, 74.94%
reset 2025-03-17 20:34
Wysyłam res_percent: 6.45%, 74.94%
reset 2025-03-17 21:08
Wysyłam res_percent: 6.01%, 74.94%
reset 2025-03-17 21:41
Wysyłam res_percent: 6.01%, 74.94%
reset 2025-03-17 22:14
Wysyłam res_percent: 5.57%, 74.94%
reset 2025-03-17 22:48
Wysyłam res_percent: 5.57%, 74.94%
reset 2025-03-17 23:21
Wysyłam res_percent: 5.42%, 74.56%
reset 2025-03-17 23:54
Wysyłam res_percent: 5.13%, 74.56%
reset 2025-03-18 00:28
Wysyłam res_percent: 5.86%, 74.18%
reset 2025-03-18 01:01
Wysyłam res_percent: 5.13%, 74.18%
reset 2025-03-18 01:35
Wysyłam res_percent: 4.98%, 74.18%
reset 2025-03-18 02:08
Wysyłam res_percent: 4.98%, 73.8%
reset 2025-03-18 02:41
Wysyłam res_percent: 4.83%, 73.8%
reset 2025-03-18 03:15
Wysyłam res_percent: 4.69%, 73.8%
reset 2025-03-18 03:48
Wysyłam res_percent: 4.83%, 73.42%
reset 2025-03-18 04:21
Wysyłam res_percent: 5.28%, 73.42%
reset 2025-03-18 04:55
Wysyłam res_percent: 4.1%, 73.04%
reset 2025-03-18 05:28
Wysyłam res_percent: 4.24%, 73.04%
reset 2025-03-18 06:02
Wysyłam res_percent: 4.69%, 72.66%
reset 2025-03-18 06:35
Wysyłam res_percent: 4.54%, 72.28%
reset 2025-03-18 07:08
Wysyłam res_percent: 4.54%, 72.66%
reset 2025-03-18 07:42
Wysyłam res_percent: 4.83%, 72.28%
reset 2025-03-18 08:15
Wysyłam res_percent: 5.57%, 72.28%
reset 2025-03-18 08:48
Wysyłam res_percent: 5.13%, 72.28%
reset 2025-03-18 09:22
Wysyłam res_percent: 4.83%, 72.28%
reset 2025-03-18 09:55
Wysyłam res_percent: 4.98%, 71.9%
reset 2025-03-18 10:29
Wysyłam res_percent: 5.13%, 71.9%
reset 2025-03-18 11:02
Wysyłam res_percent: 4.98%, 71.52%
reset 2025-03-18 11:35
Wysyłam res_percent: 4.69%, 71.52%
reset 2025-03-18 12:09
Wysyłam res_percent: 4.83%, 71.14%
reset 2025-03-18 12:42
Wysyłam res_percent: 4.69%, 71.14%
reset 2025-03-18 13:15
Wysyłam res_percent: 4.54%, 70.76%
reset 2025-03-18 13:49
Wysyłam res_percent: 4.39%, 70.76%
reset 2025-03-18 14:22
Wysyłam res_percent: 4.54%, 70.38%
reset 2025-03-18 14:56
Wysyłam res_percent: 4.54%, 70.38%
reset 2025-03-18 15:29
Wysyłam res_percent: 4.39%, 70.38%
reset 2025-03-18 16:02
Wysyłam res_percent: 4.24%, 70.0%
reset 2025-03-18 16:36
Wysyłam res_percent: 4.39%, 69.62%
reset 2025-03-18 17:09
Wysyłam res_percent: 4.39%, 69.62%
reset 2025-03-18 17:42
Wysyłam res_percent: 4.98%, 69.24%
reset 2025-03-18 18:16
Wysyłam res_percent: 5.86%, 69.62%
reset 2025-03-18 18:49
Wysyłam res_percent: 5.42%, 69.62%
reset 2025-03-18 19:23
Wysyłam res_percent: 5.72%, 69.62%
reset 2025-03-18 19:56
Wysyłam res_percent: 5.42%, 69.62%
reset 2025-03-18 20:29
Wysyłam res_percent: 5.72%, 70.0%
reset 2025-03-18 21:03
Wysyłam res_percent: 5.42%, 69.62%
reset 2025-03-18 21:36
Wysyłam res_percent: 5.72%, 69.62%
reset 2025-03-18 22:09
Wysyłam res_percent: 5.42%, 69.62%
reset 2025-03-18 22:43
Wysyłam res_percent: 5.57%, 69.24%
reset 2025-03-18 23:16
Wysyłam res_percent: 5.72%, 69.24%
reset 2025-03-18 23:50
Wysyłam res_percent: 5.57%, 69.24%
reset 2025-03-19 00:23
Wysyłam res_percent: 6.16%, 68.86%
reset 2025-03-19 00:56
Wysyłam res_percent: 6.3%, 68.86%
reset 2025-03-19 01:30
Wysyłam res_percent: 6.01%, 68.48%
reset 2025-03-19 02:03
Wysyłam res_percent: 5.86%, 68.48%
reset 2025-03-19 02:36
Wysyłam res_percent: 5.86%, 68.48%
reset 2025-03-19 03:10
Wysyłam res_percent: 5.72%, 68.48%
reset 2025-03-19 03:43
Wysyłam res_percent: 5.42%, 68.48%
reset 2025-03-19 04:17
Wysyłam res_percent: 5.28%, 68.11%
reset 2025-03-19 04:50
Wysyłam res_percent: 5.42%, 68.11%
reset 2025-03-19 05:23
Wysyłam res_percent: 5.57%, 68.11%
reset 2025-03-19 05:57
Wysyłam res_percent: 5.13%, 67.72%
reset 2025-03-19 06:30
Wysyłam res_percent: 4.83%, 67.34%
reset 2025-03-19 07:04
Wysyłam res_percent: 4.1%, 67.34%
reset 2025-03-19 07:37
Wysyłam res_percent: 4.83%, 67.34%
reset 2025-03-19 08:10
Wysyłam res_percent: 4.24%, 67.34%
reset 2025-03-19 08:44
Wysyłam res_percent: 3.36%, 66.96%
reset 2025-03-19 09:17
Wysyłam res_percent: 2.92%, 66.58%
reset 2025-03-19 09:50
Wysyłam res_percent: 3.21%, 66.2%
reset 2025-03-19 10:24
Wysyłam res_percent: 3.51%, 65.82%
reset 2025-03-19 10:57
Wysyłam res_percent: 3.95%, 66.2%
reset 2025-03-19 11:31
Wysyłam res_percent: 3.66%, 65.82%
reset 2025-03-19 12:04
Wysyłam res_percent: 3.36%, 65.82%
reset 2025-03-19 12:37
Wysyłam res_percent: 3.51%, 65.44%
reset 2025-03-19 13:11
Wysyłam res_percent: 3.51%, 65.44%
reset 2025-03-19 13:44
Wysyłam res_percent: 3.51%, 65.06%
reset 2025-03-19 14:17
Wysyłam res_percent: 3.36%, 65.06%
reset 2025-03-19 14:51
Wysyłam res_percent: 3.36%, 65.06%
reset 2025-03-19 15:24
Wysyłam res_percent: 3.21%, 65.06%
reset 2025-03-19 15:58
Wysyłam res_percent: 3.07%, 64.68%
reset 2025-03-19 16:31
Wysyłam res_percent: 3.07%, 64.31%
reset 2025-03-19 17:04
Wysyłam res_percent: 2.92%, 64.31%
reset 2025-03-19 17:38
Wysyłam res_percent: 2.48%, 64.31%
reset 2025-03-19 18:11
Wysyłam res_percent: 2.18%, 66.96%
reset 2025-03-19 18:44
Wysyłam res_percent: 2.18%, 63.93%
reset 2025-03-19 19:18
Wysyłam res_percent: 2.33%, 63.93%
reset 2025-03-19 19:51
Wysyłam res_percent: 2.33%, 63.93%
reset 2025-03-19 20:25
Wysyłam res_percent: 2.48%, 63.55%
reset 2025-03-19 20:58
Wysyłam res_percent: 2.77%, 63.55%
reset 2025-03-19 21:31
Wysyłam res_percent: 2.48%, 63.55%
reset 2025-03-19 22:05
Wysyłam res_percent: 2.33%, 63.93%
reset 2025-03-19 22:38
Wysyłam res_percent: 2.18%, 63.55%
reset 2025-03-19 23:11
Wysyłam res_percent: 2.18%, 63.17%
reset 2025-03-19 23:45
Wysyłam res_percent: 2.04%, 63.17%
reset 2025-03-20 00:18
Wysyłam res_percent: 1.89%, 63.17%
reset 2025-03-20 00:52
Wysyłam res_percent: 1.89%, 62.79%
reset 2025-03-20 01:25
Wysyłam res_percent: 1.89%, 62.79%
reset 2025-03-20 01:58
Wysyłam res_percent: 1.74%, 62.79%
reset 2025-03-20 02:32
Wysyłam res_percent: 1.74%, 62.79%
reset 2025-03-20 03:05
Wysyłam res_percent: 1.74%, 62.41%
reset 2025-03-20 03:38
Wysyłam res_percent: 1.74%, 62.41%
reset 2025-03-20 04:12
Wysyłam res_percent: 1.59%, 62.41%
reset 2025-03-20 04:45
Wysyłam res_percent: 1.59%, 62.41%
reset 2025-03-20 05:19
Wysyłam res_percent: 1.45%, 62.03%
reset 2025-03-20 05:52
Wysyłam res_percent: 1.45%, 62.03%
reset 2025-03-20 06:25
Wysyłam res_percent: 1.59%, 61.64%
reset 2025-03-20 06:59
Wysyłam res_percent: 1.74%, 61.26%
reset 2025-03-20 07:32
Wysyłam res_percent: 1.89%, 61.26%
reset 2025-03-20 08:05
Wysyłam res_percent: 1.89%, 61.26%
reset 2025-03-20 08:39
Wysyłam res_percent: 1.89%, 60.89%
reset 2025-03-20 09:12
Wysyłam res_percent: 2.18%, 60.89%
reset 2025-03-20 09:46
Wysyłam res_percent: 2.18%, 60.89%
reset 2025-03-20 10:19
Wysyłam res_percent: 2.18%, 60.89%
reset 2025-03-20 10:52
Wysyłam res_percent: 2.18%, 60.51%
reset 2025-03-20 11:26
Wysyłam res_percent: 2.18%, 60.51%
reset 2025-03-20 11:59
Wysyłam res_percent: 2.04%, 60.13%
reset 2025-03-20 12:32
Wysyłam res_percent: 2.04%, 60.13%
reset 2025-03-20 13:06
Wysyłam res_percent: 1.89%, 60.13%
reset 2025-03-20 13:39
Wysyłam res_percent: 1.89%, 59.75%
reset 2025-03-20 14:13
Wysyłam res_percent: 1.89%, 59.75%
reset 2025-03-20 14:46
Wysyłam res_percent: 1.89%, 59.75%
reset 2025-03-20 15:19
Wysyłam res_percent: 1.89%, 59.75%
reset 2025-03-20 15:53
Wysyłam res_percent: 1.89%, 59.75%
reset 2025-03-20 16:26
Wysyłam res_percent: 1.89%, 59.37%
reset 2025-03-20 16:59
Wysyłam res_percent: 1.74%, 59.37%
reset 2025-03-20 17:33
Wysyłam res_percent: 1.74%, 59.37%
reset 2025-03-20 18:06
Wysyłam res_percent: 1.89%, 58.99%
reset 2025-03-20 18:40
Wysyłam res_percent: 2.04%, 58.99%
reset 2025-03-20 19:13
Wysyłam res_percent: 1.89%, 58.99%
reset 2025-03-20 19:46
Wysyłam res_percent: 1.89%, 58.99%
reset 2025-03-20 20:20
Wysyłam res_percent: 1.74%, 58.61%
reset 2025-03-20 20:53
Wysyłam res_percent: 1.59%, 58.99%
reset 2025-03-20 21:26
Wysyłam res_percent: 1.45%, 58.99%
reset 2025-03-20 22:00
Wysyłam res_percent: 1.45%, 58.61%
reset 2025-03-20 22:33
Wysyłam res_percent: 1.3%, 58.61%
reset 2025-03-20 23:07
Wysyłam res_percent: 1.3%, 58.61%
reset 2025-03-20 23:40
Wysyłam res_percent: 1.3%, 58.23%
reset 2025-03-21 00:13
Wysyłam res_percent: 1.3%, 58.23%
reset 2025-03-21 00:47
Wysyłam res_percent: 1.3%, 58.23%
reset 2025-03-21 01:20
Wysyłam res_percent: 1.3%, 58.23%
reset 2025-03-21 01:53
Wysyłam res_percent: 1.3%, 58.23%
reset 2025-03-21 02:27
Wysyłam res_percent: 1.15%, 57.85%
reset 2025-03-21 03:00
Wysyłam res_percent: 1.3%, 57.85%
reset 2025-03-21 03:34
Wysyłam res_percent: 1.3%, 57.85%
reset 2025-03-21 04:07
Wysyłam res_percent: 1.3%, 57.85%
reset 2025-03-21 04:40
Wysyłam res_percent: 1.3%, 57.47%
reset 2025-03-21 05:14
Wysyłam res_percent: 1.15%, 57.47%
reset 2025-03-21 05:47
Wysyłam res_percent: 1.15%, 57.47%
reset 2025-03-21 06:20
Wysyłam res_percent: 1.15%, 57.47%
reset 2025-03-21 06:54
Wysyłam res_percent: 1.01%, 57.09%
reset 2025-03-21 07:27
Wysyłam res_percent: 1.3%, 57.09%
reset 2025-03-21 08:01
Wysyłam res_percent: 1.45%, 56.71%
reset 2025-03-21 08:34
Wysyłam res_percent: 1.45%, 56.33%
reset 2025-03-21 09:07
Wysyłam res_percent: 1.45%, 56.33%
reset 2025-03-21 09:41
Wysyłam res_percent: 1.74%, 56.33%
reset 2025-03-21 10:14
Wysyłam res_percent: 1.89%, 56.33%
reset 2025-03-21 10:48
Wysyłam res_percent: 1.74%, 55.57%
reset 2025-03-21 11:21
Wysyłam res_percent: 1.74%, 55.95%
reset 2025-03-21 11:54
Wysyłam res_percent: 1.59%, 55.95%
reset 2025-03-21 12:28
Wysyłam res_percent: 1.59%, 55.57%
reset 2025-03-21 13:01
Wysyłam res_percent: 1.59%, 55.57%
reset 2025-03-21 13:34
Wysyłam res_percent: 1.74%, 55.19%
reset 2025-03-21 14:08
Wysyłam res_percent: 1.74%, 55.19%
reset 2025-03-21 14:41
Wysyłam res_percent: 1.59%, 55.19%
reset 2025-03-21 15:15
Wysyłam res_percent: 1.45%, 55.19%
reset 2025-03-21 15:48
Wysyłam res_percent: 1.45%, 55.19%
reset 2025-03-21 16:21
Wysyłam res_percent: 1.3%, 55.19%
reset 2025-03-21 16:55
Wysyłam res_percent: 1.59%, 54.81%
reset 2025-03-21 17:28
Wysyłam res_percent: 1.59%, 54.81%
reset 2025-03-21 18:01
Wysyłam res_percent: 1.59%, 54.81%
reset 2025-03-21 18:35
Wysyłam res_percent: 1.59%, 54.81%
reset 2025-03-21 19:08
Wysyłam res_percent: 1.3%, 54.43%
reset 2025-03-21 19:42
Wysyłam res_percent: 1.3%, 54.43%
reset 2025-03-21 20:15
Wysyłam res_percent: 1.3%, 54.43%
reset 2025-03-21 20:48
Wysyłam res_percent: 1.15%, 54.43%
reset 2025-03-21 21:22
Wysyłam res_percent: 1.3%, 54.43%
reset 2025-03-21 21:55
Wysyłam res_percent: 1.3%, 54.05%
reset 2025-03-21 22:28
Wysyłam res_percent: 1.45%, 54.05%
reset 2025-03-21 23:02
Wysyłam res_percent: 1.3%, 54.05%
reset 2025-03-21 23:35
Wysyłam res_percent: 1.45%, 54.05%
reset 2025-03-22 00:09
Wysyłam res_percent: 1.3%, 53.67%
reset 2025-03-22 00:42
Wysyłam res_percent: 1.15%, 53.67%
reset 2025-03-22 01:15
Wysyłam res_percent: 1.15%, 53.67%
reset 2025-03-22 01:49
Wysyłam res_percent: 1.15%, 53.67%
reset 2025-03-22 02:22
Wysyłam res_percent: 1.15%, 53.29%
reset 2025-03-22 02:55
Wysyłam res_percent: 1.15%, 53.29%
reset 2025-03-22 03:29
Wysyłam res_percent: 1.15%, 53.29%
reset 2025-03-22 04:02
Wysyłam res_percent: 1.01%, 53.29%
reset 2025-03-22 04:36
Wysyłam res_percent: 1.01%, 53.29%
reset 2025-03-22 05:09
Wysyłam res_percent: 1.01%, 53.29%
reset 2025-03-22 05:42
Wysyłam res_percent: 0.86%, 52.91%
reset 2025-03-22 06:16
Wysyłam res_percent: 0.86%, 52.91%
reset 2025-03-22 06:49
Wysyłam res_percent: 0.86%, 52.91%
reset 2025-03-22 07:22
Wysyłam res_percent: 0.86%, 52.53%
reset 2025-03-22 07:56
Wysyłam res_percent: 0.86%, 52.15%
reset 2025-03-22 08:29
Wysyłam res_percent: 0.86%, 52.53%
reset 2025-03-22 09:03
Wysyłam res_percent: 0.86%, 52.53%
reset 2025-03-22 09:36
Wysyłam res_percent: 0.86%, 52.15%
reset 2025-03-22 10:09
Wysyłam res_percent: 1.15%, 51.78%
reset 2025-03-22 10:43
Wysyłam res_percent: 1.01%, 51.78%
reset 2025-03-22 11:16
Wysyłam res_percent: 1.01%, 51.78%
reset 2025-03-22 11:49
Wysyłam res_percent: 1.3%, 51.78%
reset 2025-03-22 12:23
Wysyłam res_percent: 1.45%, 51.78%
reset 2025-03-22 12:56
Wysyłam res_percent: 1.45%, 51.78%
reset 2025-03-22 13:30
Wysyłam res_percent: 1.45%, 51.4%
reset 2025-03-22 14:03
Wysyłam res_percent: 1.45%, 51.4%
reset 2025-03-22 14:36
Wysyłam res_percent: 1.3%, 51.4%
reset 2025-03-22 15:10
Wysyłam res_percent: 1.3%, 51.4%
reset 2025-03-22 15:43
Wysyłam res_percent: 1.3%, 51.4%
reset 2025-03-22 16:16
Wysyłam res_percent: 1.15%, 51.4%
reset 2025-03-22 16:50
Wysyłam res_percent: 1.15%, 51.4%
reset 2025-03-22 17:23
Wysyłam res_percent: 1.15%, 51.4%
reset 2025-03-22 17:57
Wysyłam res_percent: 1.15%, 51.02%
reset 2025-03-22 18:30
Wysyłam res_percent: 1.01%, 51.02%
reset 2025-03-22 19:03
Wysyłam res_percent: 1.01%, 51.02%
reset 2025-03-22 19:37
Wysyłam res_percent: 0.86%, 50.64%
reset 2025-03-22 20:10
Wysyłam res_percent: 1.01%, 50.64%
reset 2025-03-22 20:43
Wysyłam res_percent: 0.86%, 50.64%
reset 2025-03-22 21:17
Wysyłam res_percent: 0.86%, 50.64%
reset 2025-03-22 21:50
Wysyłam res_percent: 1.01%, 50.64%
reset 2025-03-22 22:24
Wysyłam res_percent: 1.15%, 50.26%
reset 2025-03-22 22:57
Wysyłam res_percent: 1.01%, 50.64%
reset 2025-03-22 23:30
Wysyłam res_percent: 1.01%, 50.26%
reset 2025-03-23 00:04
Wysyłam res_percent: 1.15%, 50.26%
reset 2025-03-23 00:37
Wysyłam res_percent: 1.15%, 50.26%
reset 2025-03-23 01:10
Wysyłam res_percent: 1.15%, 49.88%
reset 2025-03-23 01:44
Wysyłam res_percent: 1.01%, 49.88%
reset 2025-03-23 02:17
Wysyłam res_percent: 1.01%, 49.88%
reset 2025-03-23 02:51
Wysyłam res_percent: 1.01%, 49.88%
reset 2025-03-23 03:24
Wysyłam res_percent: 0.86%, 49.49%
reset 2025-03-23 03:57
Wysyłam res_percent: 1.01%, 49.49%
reset 2025-03-23 04:31
Wysyłam res_percent: 0.86%, 49.88%
reset 2025-03-23 05:04
Wysyłam res_percent: 0.86%, 49.49%
reset 2025-03-23 05:37
Wysyłam res_percent: 0.86%, 49.49%
reset 2025-03-23 06:11
Wysyłam res_percent: 0.86%, 49.49%
reset 2025-03-23 06:44
Wysyłam res_percent: 0.86%, 49.11%
reset 2025-03-23 07:18
Wysyłam res_percent: 0.86%, 49.11%
reset 2025-03-23 07:51
Wysyłam res_percent: 1.01%, 48.73%
reset 2025-03-23 08:24
Wysyłam res_percent: 1.15%, 48.73%
reset 2025-03-23 08:58
Wysyłam res_percent: 1.01%, 48.73%
reset 2025-03-23 09:31
Wysyłam res_percent: 1.15%, 48.73%
reset 2025-03-23 10:04
Wysyłam res_percent: 1.01%, 48.36%
reset 2025-03-23 10:38
Wysyłam res_percent: 1.01%, 48.36%
reset 2025-03-23 11:11
Wysyłam res_percent: 1.01%, 48.36%
reset 2025-03-23 11:45
Wysyłam res_percent: 1.01%, 47.98%
reset 2025-03-23 12:18
Wysyłam res_percent: 0.86%, 47.98%
reset 2025-03-23 12:51
Wysyłam res_percent: 1.01%, 47.98%
reset 2025-03-23 13:25
Wysyłam res_percent: 1.15%, 47.98%
reset 2025-03-23 13:58
Wysyłam res_percent: 0.86%, 47.98%
reset 2025-03-23 14:32
Wysyłam res_percent: 1.15%, 47.98%
reset 2025-03-23 15:05
Wysyłam res_percent: 1.15%, 47.6%
reset 2025-03-23 15:38
